mode: set
/home/rafael/Documents/Projects/Code Education/goapp_aluno_Github_Action/math.go:5.13,7.2 1 0
/home/rafael/Documents/Projects/Code Education/goapp_aluno_Github_Action/math.go:9.29,11.2 1 1
/home/rafael/Documents/Projects/Code Education/goapp_aluno_Github_Action/math.go:13.28,15.2 1 0
/home/rafael/Documents/Projects/Code Education/goapp_aluno_Github_Action/math.go:17.29,19.2 1 0
/home/rafael/Documents/Projects/Code Education/goapp_aluno_Github_Action/math.go:21.28,23.2 1 0
/home/rafael/Documents/Projects/Code Education/goapp_aluno_Github_Action/math.go:25.29,27.2 1 0
